pygame 1.9.6
Hello from the pygame community. https://www.pygame.org/contribute.html
loading conj_twist table...
loading conj_ud_edges table...
loading flipslice sym-tables...
loading corner sym-tables...
loading move_twist table...
loading move_flip table...
loading move_slice_sorted table...
loading move_u_edges table...
loading move_d_edges table...
loading move_ud_edges table...
loading move_corners table...
loading phase1_prun table...
loading phase2_prun table...
loading phase2_cornsliceprun table...
loading phase2_edgemerge table...
module ihmCube version : 1.5
module robotCube version : 2.2
module modeleCube version : 1.5
/dev/ttyACM0
(0, 0)
(14, 29)
(230, 152)
(423, 379)
(432, 378)
(460, 377)
(458, 390)
(485, 263)
(483, 30)
(610, 157)
(658, 345)
(658, 232)
(653, 114)
(526, 241)
(441, 360)
(420, 351)
(412, 356)
(434, 229)
(423, 80)
(296, 87)
(53, 85)
(12, 43)
(13, 9)
(4, 0)
(0, 0)
(0, 99)
(0, 1)
(0, 0)
(36, 0)
(148, 119)
(45, 51)
(59, 15)
(36, 7)
(15, 0)
(0, 0)
(0, 0)
(20, 17)
(174, 128)
(229, 165)
(370, 252)
(523, 360)
(580, 405)
(623, 447)
(666, 467)
(719, 494)
(941, 653)
(995, 684)
(1003, 702)
(977, 682)
(864, 645)
pygame 1.9.6
Hello from the pygame community. https://www.pygame.org/contribute.html
loading conj_twist table...
loading conj_ud_edges table...
loading flipslice sym-tables...
loading corner sym-tables...
loading move_twist table...
loading move_flip table...
loading move_slice_sorted table...
loading move_u_edges table...
loading move_d_edges table...
loading move_ud_edges table...
loading move_corners table...
loading phase1_prun table...
loading phase2_prun table...
loading phase2_cornsliceprun table...
loading phase2_edgemerge table...
module ihmCube version : 1.5
module robotCube version : 2.2
module modeleCube version : 1.5
/dev/ttyACM0
(0, 0)
(20, 44)
(228, 224)
(433, 382)
(784, 586)
(767, 586)
(765, 577)
pygame 1.9.6
Hello from the pygame community. https://www.pygame.org/contribute.html
loading conj_twist table...
loading conj_ud_edges table...
loading flipslice sym-tables...
loading corner sym-tables...
loading move_twist table...
loading move_flip table...
loading move_slice_sorted table...
loading move_u_edges table...
loading move_d_edges table...
loading move_ud_edges table...
loading move_corners table...
loading phase1_prun table...
loading phase2_prun table...
loading phase2_cornsliceprun table...
loading phase2_edgemerge table...
module ihmCube version : 1.5
module robotCube version : 2.2
module modeleCube version : 1.5
/dev/ttyACM0
(0, 0)
(0, 0)
(0, 0)
(0, 0)
(127, 127)
(552, 436)
(515, 388)
